c:\box\10_部門別\40_開発部\40_ゲーム開発(win2dgames)\src\git\3\uqlib\dll\uqlib\x64\debug\vc143.pdb
c:\box\10_部門別\40_開発部\40_ゲーム開発(win2dgames)\src\git\3\uqlib\dll\uqlib\x64\debug\vc143.idb
c:\box\10_部門別\40_開発部\40_ゲーム開発(win2dgames)\src\git\3\uqlib\dll\uqlib\x64\debug\uqlib.obj
c:\box\10_部門別\40_開発部\40_ゲーム開発(win2dgames)\src\git\3\uqlib\dll\uqlib\x64\debug\systemclass.obj
c:\box\10_部門別\40_開発部\40_ゲーム開発(win2dgames)\src\git\3\uqlib\dll\uqlib\x64\debug\soundmanager.obj
c:\box\10_部門別\40_開発部\40_ゲーム開発(win2dgames)\src\git\3\uqlib\dll\uqlib\x64\debug\logger.obj
c:\box\10_部門別\40_開発部\40_ゲーム開発(win2dgames)\src\git\3\uqlib\dll\uqlib\x64\debug\graphicsmanager.obj
c:\box\10_部門別\40_開発部\40_ゲーム開発(win2dgames)\src\git\3\uqlib\dll\uqlib\x64\debug\filemanager.obj
c:\box\10_部門別\40_開発部\40_ゲーム開発(win2dgames)\src\git\3\uqlib\dll\uqlib\x64\debug\directxmanager.obj
c:\box\10_部門別\40_開発部\40_ゲーム開発(win2dgames)\src\git\3\uqlib\dll\uqlib\x64\debug\uqlib.ilk
c:\box\10_部門別\40_開発部\40_ゲーム開発(win2dgames)\src\git\3\uqlib\dll\x64\debug\uqlib.dll
c:\box\10_部門別\40_開発部\40_ゲーム開発(win2dgames)\src\git\3\uqlib\dll\x64\debug\uqlib.pdb
c:\box\10_部門別\40_開発部\40_ゲーム開発(win2dgames)\src\git\3\uqlib\dll\x64\debug\uqlib.lib
c:\box\10_部門別\40_開発部\40_ゲーム開発(win2dgames)\src\git\3\uqlib\dll\x64\debug\uqlib.exp
c:\box\10_部門別\40_開発部\40_ゲーム開発(win2dgames)\src\git\3\uqlib\dll\uqlib\x64\debug\uqlib.tlog\cl.command.1.tlog
c:\box\10_部門別\40_開発部\40_ゲーム開発(win2dgames)\src\git\3\uqlib\dll\uqlib\x64\debug\uqlib.tlog\cl.read.1.tlog
c:\box\10_部門別\40_開発部\40_ゲーム開発(win2dgames)\src\git\3\uqlib\dll\uqlib\x64\debug\uqlib.tlog\cl.write.1.tlog
c:\box\10_部門別\40_開発部\40_ゲーム開発(win2dgames)\src\git\3\uqlib\dll\uqlib\x64\debug\uqlib.tlog\link.command.1.tlog
c:\box\10_部門別\40_開発部\40_ゲーム開発(win2dgames)\src\git\3\uqlib\dll\uqlib\x64\debug\uqlib.tlog\link.read.1.tlog
c:\box\10_部門別\40_開発部\40_ゲーム開発(win2dgames)\src\git\3\uqlib\dll\uqlib\x64\debug\uqlib.tlog\link.write.1.tlog
c:\box\10_部門別\40_開発部\40_ゲーム開発(win2dgames)\src\git\3\uqlib\dll\uqlib\x64\debug\uqlib.tlog\uqlib.write.1u.tlog
